# JRE version: Java(TM) SE Runtime Environment (8.0_91-b14) (build 1.8.0_91-b14)
# Java VM: Java HotSpot(TM) 64-Bit Server VM (25.91-b14 mixed mode linux-amd64 compressed oops)
Heap:
 PSYoungGen      total 631808K, used 631792K [0x000000076ab00000, 0x00000007a2d80000, 0x00000007c0000000)
  eden space 513024K, 100% used [0x000000076ab00000,0x000000078a000000,0x000000078a000000)
  from space 118784K, 99% used [0x000000078a000000,0x00000007913fc260,0x0000000791400000)
  to   space 150528K, 41% used [0x0000000799a80000,0x000000079d8013e0,0x00000007a2d80000)
 ParOldGen       total 464384K, used 352318K [0x00000006c0000000, 0x00000006dc580000, 0x000000076ab00000)
  object space 464384K, 75% used [0x00000006c0000000,0x00000006d5811bf0,0x00000006dc580000)
 Metaspace       used 6210K, capacity 7280K, committed 7552K, reserved 1056768K
  class space    used 580K, capacity 616K, committed 640K, reserved 1048576K
GC Heap History (10 events):
Event: 12.482 GC heap after
Heap after GC invocations=12 (full 2):
 PSYoungGen      total 505856K, used 72182K [0x000000076ab00000, 0x0000000797700000, 0x00000007c0000000)
  eden space 433664K, 0% used [0x000000076ab00000,0x000000076ab00000,0x0000000785280000)
  from space 72192K, 99% used [0x000000078b880000,0x000000078fefd8f0,0x000000078ff00000)
  to   space 104448K, 0% used [0x0000000785280000,0x0000000785280000,0x000000078b880000)
 ParOldGen       total 286208K, used 187428K [0x00000006c0000000, 0x00000006d1780000, 0x000000076ab00000)
  object space 286208K, 65% used [0x00000006c0000000,0x00000006cb7092b0,0x00000006d1780000)
 Metaspace       used 6188K, capacity 7216K, committed 7296K, reserved 1056768K
  class space    used 579K, capacity 616K, committed 640K, reserved 1048576K
}
Event: 14.443 GC heap before
{Heap before GC invocations=13 (full 2):
 PSYoungGen      total 505856K, used 505846K [0x000000076ab00000, 0x0000000797700000, 0x00000007c0000000)
  eden space 433664K, 100% used [0x000000076ab00000,0x0000000785280000,0x0000000785280000)
  from space 72192K, 99% used [0x000000078b880000,0x000000078fefd8f0,0x000000078ff00000)
  to   space 104448K, 0% used [0x0000000785280000,0x0000000785280000,0x000000078b880000)
 ParOldGen       total 286208K, used 187428K [0x00000006c0000000, 0x00000006d1780000, 0x000000076ab00000)
  object space 286208K, 65% used [0x00000006c0000000,0x00000006cb7092b0,0x00000006d1780000)
 Metaspace       used 6195K, capacity 7216K, committed 7296K, reserved 1056768K
  class space    used 580K, capacity 616K, committed 640K, reserved 1048576K
Event: 14.621 GC heap after
Heap after GC invocations=13 (full 2):
 PSYoungGen      total 538112K, used 68927K [0x000000076ab00000, 0x0000000797f80000, 0x00000007c0000000)
  eden space 433664K, 0% used [0x000000076ab00000,0x000000076ab00000,0x0000000785280000)
  from space 104448K, 65% used [0x0000000785280000,0x00000007895cff30,0x000000078b880000)
  to   space 108544K, 0% used [0x0000000791580000,0x0000000791580000,0x0000000797f80000)
 ParOldGen       total 286208K, used 259797K [0x00000006c0000000, 0x00000006d1780000, 0x000000076ab00000)
  object space 286208K, 90% used [0x00000006c0000000,0x00000006cfdb5468,0x00000006d1780000)
 Metaspace       used 6195K, capacity 7216K, committed 7296K, reserved 1056768K
  class space    used 580K, capacity 616K, committed 640K, reserved 1048576K
}
Event: 14.621 GC heap before
{Heap before GC invocations=14 (full 3):
 PSYoungGen      total 538112K, used 68927K [0x000000076ab00000, 0x0000000797f80000, 0x00000007c0000000)
  eden space 433664K, 0% used [0x000000076ab00000,0x000000076ab00000,0x0000000785280000)
  from space 104448K, 65% used [0x0000000785280000,0x00000007895cff30,0x000000078b880000)
  to   space 108544K, 0% used [0x0000000791580000,0x0000000791580000,0x0000000797f80000)
 ParOldGen       total 286208K, used 259797K [0x00000006c0000000, 0x00000006d1780000, 0x000000076ab00000)
  object space 286208K, 90% used [0x00000006c0000000,0x00000006cfdb5468,0x00000006d1780000)
 Metaspace       used 6195K, capacity 7216K, committed 7296K, reserved 1056768K
  class space    used 580K, capacity 616K, committed 640K, reserved 1048576K
Event: 15.927 GC heap after
Heap after GC invocations=14 (full 3):
 PSYoungGen      total 538112K, used 34801K [0x000000076ab00000, 0x0000000797f80000, 0x00000007c0000000)
  eden space 433664K, 0% used [0x000000076ab00000,0x000000076ab00000,0x0000000785280000)
  from space 104448K, 33% used [0x0000000785280000,0x000000078747c450,0x000000078b880000)
  to   space 108544K, 0% used [0x0000000791580000,0x0000000791580000,0x0000000797f80000)
 ParOldGen       total 464384K, used 285771K [0x00000006c0000000, 0x00000006dc580000, 0x000000076ab00000)
  object space 464384K, 61% used [0x00000006c0000000,0x00000006d1712e90,0x00000006dc580000)
 Metaspace       used 6195K, capacity 7216K, committed 7296K, reserved 1056768K
  class space    used 580K, capacity 616K, committed 640K, reserved 1048576K
}
Event: 18.074 GC heap before
{Heap before GC invocations=15 (full 3):
 PSYoungGen      total 538112K, used 468465K [0x000000076ab00000, 0x0000000797f80000, 0x00000007c0000000)
  eden space 433664K, 100% used [0x000000076ab00000,0x0000000785280000,0x0000000785280000)
  from space 104448K, 33% used [0x0000000785280000,0x000000078747c450,0x000000078b880000)
  to   space 108544K, 0% used [0x0000000791580000,0x0000000791580000,0x0000000797f80000)
 ParOldGen       total 464384K, used 285771K [0x00000006c0000000, 0x00000006dc580000, 0x000000076ab00000)
  object space 464384K, 61% used [0x00000006c0000000,0x00000006d1712e90,0x00000006dc580000)
 Metaspace       used 6202K, capacity 7216K, committed 7296K, reserved 1056768K
  class space    used 580K, capacity 616K, committed 640K, reserved 1048576K
Event: 18.321 GC heap after
Heap after GC invocations=15 (full 3):
 PSYoungGen      total 621568K, used 88042K [0x000000076ab00000, 0x0000000798800000, 0x00000007c0000000)
  eden space 513024K, 0% used [0x000000076ab00000,0x000000076ab00000,0x000000078a000000)
  from space 108544K, 81% used [0x0000000791580000,0x0000000796b7ab98,0x0000000797f80000)
  to   space 118784K, 0% used [0x000000078a000000,0x000000078a000000,0x0000000791400000)
 ParOldGen       total 464384K, used 285771K [0x00000006c0000000, 0x00000006dc580000, 0x000000076ab00000)
  object space 464384K, 61% used [0x00000006c0000000,0x00000006d1712e90,0x00000006dc580000)
 Metaspace       used 6202K, capacity 7216K, committed 7296K, reserved 1056768K
  class space    used 580K, capacity 616K, committed 640K, reserved 1048576K
}
Event: 20.381 GC heap before
{Heap before GC invocations=16 (full 3):
 PSYoungGen      total 621568K, used 601066K [0x000000076ab00000, 0x0000000798800000, 0x00000007c0000000)
  eden space 513024K, 100% used [0x000000076ab00000,0x000000078a000000,0x000000078a000000)
  from space 108544K, 81% used [0x0000000791580000,0x0000000796b7ab98,0x0000000797f80000)
  to   space 118784K, 0% used [0x000000078a000000,0x000000078a000000,0x0000000791400000)
 ParOldGen       total 464384K, used 285771K [0x00000006c0000000, 0x00000006dc580000, 0x000000076ab00000)
  object space 464384K, 61% used [0x00000006c0000000,0x00000006d1712e90,0x00000006dc580000)
 Metaspace       used 6208K, capacity 7280K, committed 7552K, reserved 1056768K
  class space    used 580K, capacity 616K, committed 640K, reserved 1048576K
Event: 20.658 GC heap after
Heap after GC invocations=16 (full 3):
 PSYoungGen      total 631808K, used 118768K [0x000000076ab00000, 0x00000007a2d80000, 0x00000007c0000000)
  eden space 513024K, 0% used [0x000000076ab00000,0x000000076ab00000,0x000000078a000000)
  from space 118784K, 99% used [0x000000078a000000,0x00000007913fc260,0x0000000791400000)
  to   space 150528K, 0% used [0x0000000799a80000,0x0000000799a80000,0x00000007a2d80000)
 ParOldGen       total 464384K, used 319776K [0x00000006c0000000, 0x00000006dc580000, 0x000000076ab00000)
  object space 464384K, 68% used [0x00000006c0000000,0x00000006d38483a0,0x00000006dc580000)
 Metaspace       used 6208K, capacity 7280K, committed 7552K, reserved 1056768K
  class space    used 580K, capacity 616K, committed 640K, reserved 1048576K
}
Event: 22.545 GC heap before
{Heap before GC invocations=17 (full 3):
 PSYoungGen      total 631808K, used 631792K [0x000000076ab00000, 0x00000007a2d80000, 0x00000007c0000000)
  eden space 513024K, 100% used [0x000000076ab00000,0x000000078a000000,0x000000078a000000)
  from space 118784K, 99% used [0x000000078a000000,0x00000007913fc260,0x0000000791400000)
  to   space 150528K, 0% used [0x0000000799a80000,0x0000000799a80000,0x00000007a2d80000)
 ParOldGen       total 464384K, used 319776K [0x00000006c0000000, 0x00000006dc580000, 0x000000076ab00000)
  object space 464384K, 68% used [0x00000006c0000000,0x00000006d38483a0,0x00000006dc580000)
 Metaspace       used 6210K, capacity 7280K, committed 7552K, reserved 1056768K
  class space    used 580K, capacity 616K, committed 640K, reserved 1048576K

