# JRE version: Java(TM) SE Runtime Environment (8.0_91-b14) (build 1.8.0_91-b14)
# Java VM: Java HotSpot(TM) 64-Bit Server VM (25.91-b14 mixed mode linux-amd64 compressed oops)
Heap:
 PSYoungGen      total 922112K, used 905124K [0x000000076ab00000, 0x00000007b8a80000, 0x00000007c0000000)
  eden space 717824K, 100% used [0x000000076ab00000,0x0000000796800000,0x0000000796800000)
  from space 204288K, 91% used [0x0000000796800000,0x00000007a1ee91f0,0x00000007a2f80000)
  to   space 231424K, 99% used [0x00000007aa880000,0x00000007b8a7ed90,0x00000007b8a80000)
 ParOldGen       total 719872K, used 591682K [0x00000006c0000000, 0x00000006ebf00000, 0x000000076ab00000)
  object space 719872K, 82% used [0x00000006c0000000,0x00000006e41d0b28,0x00000006ebf00000)
 Metaspace       used 6211K, capacity 7280K, committed 7552K, reserved 1056768K
  class space    used 580K, capacity 616K, committed 640K, reserved 1048576K
GC Heap History (10 events):
Event: 19.560 GC heap after
Heap after GC invocations=17 (full 3):
 PSYoungGen      total 735232K, used 132548K [0x000000076ab00000, 0x00000007a4600000, 0x00000007c0000000)
  eden space 594944K, 0% used [0x000000076ab00000,0x000000076ab00000,0x000000078f000000)
  from space 140288K, 94% used [0x0000000798c80000,0x00000007a0df11d0,0x00000007a1580000)
  to   space 160256K, 0% used [0x000000078f000000,0x000000078f000000,0x0000000798c80000)
 ParOldGen       total 477184K, used 375513K [0x00000006c0000000, 0x00000006dd200000, 0x000000076ab00000)
  object space 477184K, 78% used [0x00000006c0000000,0x00000006d6eb6680,0x00000006dd200000)
 Metaspace       used 6206K, capacity 7216K, committed 7296K, reserved 1056768K
  class space    used 580K, capacity 616K, committed 640K, reserved 1048576K
}
Event: 21.243 GC heap before
{Heap before GC invocations=18 (full 3):
 PSYoungGen      total 735232K, used 727492K [0x000000076ab00000, 0x00000007a4600000, 0x00000007c0000000)
  eden space 594944K, 100% used [0x000000076ab00000,0x000000078f000000,0x000000078f000000)
  from space 140288K, 94% used [0x0000000798c80000,0x00000007a0df11d0,0x00000007a1580000)
  to   space 160256K, 0% used [0x000000078f000000,0x000000078f000000,0x0000000798c80000)
 ParOldGen       total 477184K, used 375513K [0x00000006c0000000, 0x00000006dd200000, 0x000000076ab00000)
  object space 477184K, 78% used [0x00000006c0000000,0x00000006d6eb6680,0x00000006dd200000)
 Metaspace       used 6209K, capacity 7280K, committed 7552K, reserved 1056768K
  class space    used 580K, capacity 616K, committed 640K, reserved 1048576K
Event: 21.458 GC heap after
Heap after GC invocations=18 (full 3):
 PSYoungGen      total 755200K, used 160240K [0x000000076ab00000, 0x00000007afd00000, 0x00000007c0000000)
  eden space 594944K, 0% used [0x000000076ab00000,0x000000076ab00000,0x000000078f000000)
  from space 160256K, 99% used [0x000000078f000000,0x0000000798c7c328,0x0000000798c80000)
  to   space 201728K, 0% used [0x00000007a3800000,0x00000007a3800000,0x00000007afd00000)
 ParOldGen       total 477184K, used 415965K [0x00000006c0000000, 0x00000006dd200000, 0x000000076ab00000)
  object space 477184K, 87% used [0x00000006c0000000,0x00000006d9637538,0x00000006dd200000)
 Metaspace       used 6209K, capacity 7280K, committed 7552K, reserved 1056768K
  class space    used 580K, capacity 616K, committed 640K, reserved 1048576K
}
Event: 21.458 GC heap before
{Heap before GC invocations=19 (full 4):
 PSYoungGen      total 755200K, used 160240K [0x000000076ab00000, 0x00000007afd00000, 0x00000007c0000000)
  eden space 594944K, 0% used [0x000000076ab00000,0x000000076ab00000,0x000000078f000000)
  from space 160256K, 99% used [0x000000078f000000,0x0000000798c7c328,0x0000000798c80000)
  to   space 201728K, 0% used [0x00000007a3800000,0x00000007a3800000,0x00000007afd00000)
 ParOldGen       total 477184K, used 415965K [0x00000006c0000000, 0x00000006dd200000, 0x000000076ab00000)
  object space 477184K, 87% used [0x00000006c0000000,0x00000006d9637538,0x00000006dd200000)
 Metaspace       used 6209K, capacity 7280K, committed 7552K, reserved 1056768K
  class space    used 580K, capacity 616K, committed 640K, reserved 1048576K
Event: 23.369 GC heap after
Heap after GC invocations=19 (full 4):
 PSYoungGen      total 755200K, used 93295K [0x000000076ab00000, 0x00000007afd00000, 0x00000007c0000000)
  eden space 594944K, 0% used [0x000000076ab00000,0x000000076ab00000,0x000000078f000000)
  from space 160256K, 58% used [0x000000078f000000,0x0000000794b1bf88,0x0000000798c80000)
  to   space 201728K, 0% used [0x00000007a3800000,0x00000007a3800000,0x00000007afd00000)
 ParOldGen       total 719872K, used 477055K [0x00000006c0000000, 0x00000006ebf00000, 0x000000076ab00000)
  object space 719872K, 66% used [0x00000006c0000000,0x00000006dd1dfd80,0x00000006ebf00000)
 Metaspace       used 6209K, capacity 7280K, committed 7552K, reserved 1056768K
  class space    used 580K, capacity 616K, committed 640K, reserved 1048576K
}
Event: 24.908 GC heap before
{Heap before GC invocations=20 (full 4):
 PSYoungGen      total 755200K, used 688239K [0x000000076ab00000, 0x00000007afd00000, 0x00000007c0000000)
  eden space 594944K, 100% used [0x000000076ab00000,0x000000078f000000,0x000000078f000000)
  from space 160256K, 58% used [0x000000078f000000,0x0000000794b1bf88,0x0000000798c80000)
  to   space 201728K, 0% used [0x00000007a3800000,0x00000007a3800000,0x00000007afd00000)
 ParOldGen       total 719872K, used 477055K [0x00000006c0000000, 0x00000006ebf00000, 0x000000076ab00000)
  object space 719872K, 66% used [0x00000006c0000000,0x00000006dd1dfd80,0x00000006ebf00000)
 Metaspace       used 6209K, capacity 7280K, committed 7552K, reserved 1056768K
  class space    used 580K, capacity 616K, committed 640K, reserved 1048576K
Event: 25.193 GC heap after
Heap after GC invocations=20 (full 4):
 PSYoungGen      total 913408K, used 117306K [0x000000076ab00000, 0x00000007af700000, 0x00000007c0000000)
  eden space 717824K, 0% used [0x000000076ab00000,0x000000076ab00000,0x0000000796800000)
  from space 195584K, 59% used [0x00000007a3800000,0x00000007aaa8e800,0x00000007af700000)
  to   space 204288K, 0% used [0x0000000796800000,0x0000000796800000,0x00000007a2f80000)
 ParOldGen       total 719872K, used 539384K [0x00000006c0000000, 0x00000006ebf00000, 0x000000076ab00000)
  object space 719872K, 74% used [0x00000006c0000000,0x00000006e0ebe3f0,0x00000006ebf00000)
 Metaspace       used 6209K, capacity 7280K, committed 7552K, reserved 1056768K
  class space    used 580K, capacity 616K, committed 640K, reserved 1048576K
}
Event: 27.151 GC heap before
{Heap before GC invocations=21 (full 4):
 PSYoungGen      total 913408K, used 835130K [0x000000076ab00000, 0x00000007af700000, 0x00000007c0000000)
  eden space 717824K, 100% used [0x000000076ab00000,0x0000000796800000,0x0000000796800000)
  from space 195584K, 59% used [0x00000007a3800000,0x00000007aaa8e800,0x00000007af700000)
  to   space 204288K, 0% used [0x0000000796800000,0x0000000796800000,0x00000007a2f80000)
 ParOldGen       total 719872K, used 539384K [0x00000006c0000000, 0x00000006ebf00000, 0x000000076ab00000)
  object space 719872K, 74% used [0x00000006c0000000,0x00000006e0ebe3f0,0x00000006ebf00000)
 Metaspace       used 6210K, capacity 7280K, committed 7552K, reserved 1056768K
  class space    used 580K, capacity 616K, committed 640K, reserved 1048576K
Event: 27.315 GC heap after
Heap after GC invocations=21 (full 4):
 PSYoungGen      total 922112K, used 187300K [0x000000076ab00000, 0x00000007b8a80000, 0x00000007c0000000)
  eden space 717824K, 0% used [0x000000076ab00000,0x000000076ab00000,0x0000000796800000)
  from space 204288K, 91% used [0x0000000796800000,0x00000007a1ee91f0,0x00000007a2f80000)
  to   space 231424K, 0% used [0x00000007aa880000,0x00000007aa880000,0x00000007b8a80000)
 ParOldGen       total 719872K, used 539384K [0x00000006c0000000, 0x00000006ebf00000, 0x000000076ab00000)
  object space 719872K, 74% used [0x00000006c0000000,0x00000006e0ebe3f0,0x00000006ebf00000)
 Metaspace       used 6210K, capacity 7280K, committed 7552K, reserved 1056768K
  class space    used 580K, capacity 616K, committed 640K, reserved 1048576K
}
Event: 28.962 GC heap before
{Heap before GC invocations=22 (full 4):
 PSYoungGen      total 922112K, used 905124K [0x000000076ab00000, 0x00000007b8a80000, 0x00000007c0000000)
  eden space 717824K, 100% used [0x000000076ab00000,0x0000000796800000,0x0000000796800000)
  from space 204288K, 91% used [0x0000000796800000,0x00000007a1ee91f0,0x00000007a2f80000)
  to   space 231424K, 0% used [0x00000007aa880000,0x00000007aa880000,0x00000007b8a80000)
 ParOldGen       total 719872K, used 539384K [0x00000006c0000000, 0x00000006ebf00000, 0x000000076ab00000)
  object space 719872K, 74% used [0x00000006c0000000,0x00000006e0ebe3f0,0x00000006ebf00000)
 Metaspace       used 6211K, capacity 7280K, committed 7552K, reserved 1056768K
  class space    used 580K, capacity 616K, committed 640K, reserved 1048576K

