# JRE version: Java(TM) SE Runtime Environment (8.0_91-b14) (build 1.8.0_91-b14)
# Java VM: Java HotSpot(TM) 64-Bit Server VM (25.91-b14 mixed mode linux-amd64 compressed oops)
Heap:
 PSYoungGen      total 804352K, used 789307K [0x000000076ab00000, 0x00000007b4280000, 0x00000007c0000000)
  eden space 609792K, 99% used [0x000000076ab00000,0x000000078fa74f68,0x000000078fe80000)
  from space 194560K, 94% used [0x000000078fe80000,0x000000079b1d9f58,0x000000079bc80000)
  to   space 223232K, 0% used [0x00000007a6880000,0x00000007a6880000,0x00000007b4280000)
 ParOldGen       total 455168K, used 377621K [0x00000006c0000000, 0x00000006dbc80000, 0x000000076ab00000)
  object space 455168K, 82% used [0x00000006c0000000,0x00000006d70c5710,0x00000006dbc80000)
 Metaspace       used 6206K, capacity 7216K, committed 7296K, reserved 1056768K
  class space    used 579K, capacity 616K, committed 640K, reserved 1048576K
GC Heap History (10 events):
Event: 15.370 GC heap before
{Heap before GC invocations=14 (full 2):
 PSYoungGen      total 542208K, used 542187K [0x000000076ab00000, 0x000000079be80000, 0x00000007c0000000)
  eden space 442368K, 100% used [0x000000076ab00000,0x0000000785b00000,0x0000000785b00000)
  from space 99840K, 99% used [0x0000000785b00000,0x000000078bc7ada0,0x000000078bc80000)
  to   space 136704K, 0% used [0x0000000793900000,0x0000000793900000,0x000000079be80000)
 ParOldGen       total 283648K, used 229836K [0x00000006c0000000, 0x00000006d1500000, 0x000000076ab00000)
  object space 283648K, 81% used [0x00000006c0000000,0x00000006ce073378,0x00000006d1500000)
 Metaspace       used 6197K, capacity 7216K, committed 7296K, reserved 1056768K
  class space    used 579K, capacity 616K, committed 640K, reserved 1048576K
Event: 15.581 GC heap after
Heap after GC invocations=14 (full 2):
 PSYoungGen      total 656384K, used 109758K [0x000000076ab00000, 0x000000079e200000, 0x00000007c0000000)
  eden space 519680K, 0% used [0x000000076ab00000,0x000000076ab00000,0x000000078a680000)
  from space 136704K, 80% used [0x0000000793900000,0x000000079a42fa28,0x000000079be80000)
  to   space 150016K, 0% used [0x000000078a680000,0x000000078a680000,0x0000000793900000)
 ParOldGen       total 283648K, used 274853K [0x00000006c0000000, 0x00000006d1500000, 0x000000076ab00000)
  object space 283648K, 96% used [0x00000006c0000000,0x00000006d0c69548,0x00000006d1500000)
 Metaspace       used 6197K, capacity 7216K, committed 7296K, reserved 1056768K
  class space    used 579K, capacity 616K, committed 640K, reserved 1048576K
}
Event: 15.581 GC heap before
{Heap before GC invocations=15 (full 3):
 PSYoungGen      total 656384K, used 109758K [0x000000076ab00000, 0x000000079e200000, 0x00000007c0000000)
  eden space 519680K, 0% used [0x000000076ab00000,0x000000076ab00000,0x000000078a680000)
  from space 136704K, 80% used [0x0000000793900000,0x000000079a42fa28,0x000000079be80000)
  to   space 150016K, 0% used [0x000000078a680000,0x000000078a680000,0x0000000793900000)
 ParOldGen       total 283648K, used 274853K [0x00000006c0000000, 0x00000006d1500000, 0x000000076ab00000)
  object space 283648K, 96% used [0x00000006c0000000,0x00000006d0c69548,0x00000006d1500000)
 Metaspace       used 6197K, capacity 7216K, committed 7296K, reserved 1056768K
  class space    used 579K, capacity 616K, committed 640K, reserved 1048576K
Event: 16.961 GC heap after
Heap after GC invocations=15 (full 3):
 PSYoungGen      total 656384K, used 92768K [0x000000076ab00000, 0x000000079e200000, 0x00000007c0000000)
  eden space 519680K, 0% used [0x000000076ab00000,0x000000076ab00000,0x000000078a680000)
  from space 136704K, 67% used [0x0000000793900000,0x0000000799398330,0x000000079be80000)
  to   space 150016K, 0% used [0x000000078a680000,0x000000078a680000,0x0000000793900000)
 ParOldGen       total 455168K, used 283325K [0x00000006c0000000, 0x00000006dbc80000, 0x000000076ab00000)
  object space 455168K, 62% used [0x00000006c0000000,0x00000006d14af6a8,0x00000006dbc80000)
 Metaspace       used 6197K, capacity 7216K, committed 7296K, reserved 1056768K
  class space    used 579K, capacity 616K, committed 640K, reserved 1048576K
}
Event: 18.964 GC heap before
{Heap before GC invocations=16 (full 3):
 PSYoungGen      total 656384K, used 612448K [0x000000076ab00000, 0x000000079e200000, 0x00000007c0000000)
  eden space 519680K, 100% used [0x000000076ab00000,0x000000078a680000,0x000000078a680000)
  from space 136704K, 67% used [0x0000000793900000,0x0000000799398330,0x000000079be80000)
  to   space 150016K, 0% used [0x000000078a680000,0x000000078a680000,0x0000000793900000)
 ParOldGen       total 455168K, used 283325K [0x00000006c0000000, 0x00000006dbc80000, 0x000000076ab00000)
  object space 455168K, 62% used [0x00000006c0000000,0x00000006d14af6a8,0x00000006dbc80000)
 Metaspace       used 6202K, capacity 7216K, committed 7296K, reserved 1056768K
  class space    used 579K, capacity 616K, committed 640K, reserved 1048576K
Event: 19.179 GC heap after
Heap after GC invocations=16 (full 3):
 PSYoungGen      total 669696K, used 149996K [0x000000076ab00000, 0x00000007a6b00000, 0x00000007c0000000)
  eden space 519680K, 0% used [0x000000076ab00000,0x000000076ab00000,0x000000078a680000)
  from space 150016K, 99% used [0x000000078a680000,0x00000007938fb0b8,0x0000000793900000)
  to   space 178688K, 0% used [0x000000079bc80000,0x000000079bc80000,0x00000007a6b00000)
 ParOldGen       total 455168K, used 292702K [0x00000006c0000000, 0x00000006dbc80000, 0x000000076ab00000)
  object space 455168K, 64% used [0x00000006c0000000,0x00000006d1dd7b18,0x00000006dbc80000)
 Metaspace       used 6202K, capacity 7216K, committed 7296K, reserved 1056768K
  class space    used 579K, capacity 616K, committed 640K, reserved 1048576K
}
Event: 20.503 GC heap before
{Heap before GC invocations=17 (full 3):
 PSYoungGen      total 669696K, used 669676K [0x000000076ab00000, 0x00000007a6b00000, 0x00000007c0000000)
  eden space 519680K, 100% used [0x000000076ab00000,0x000000078a680000,0x000000078a680000)
  from space 150016K, 99% used [0x000000078a680000,0x00000007938fb0b8,0x0000000793900000)
  to   space 178688K, 0% used [0x000000079bc80000,0x000000079bc80000,0x00000007a6b00000)
 ParOldGen       total 455168K, used 292702K [0x00000006c0000000, 0x00000006dbc80000, 0x000000076ab00000)
  object space 455168K, 64% used [0x00000006c0000000,0x00000006d1dd7b18,0x00000006dbc80000)
 Metaspace       used 6204K, capacity 7216K, committed 7296K, reserved 1056768K
  class space    used 579K, capacity 616K, committed 640K, reserved 1048576K
Event: 20.768 GC heap after
Heap after GC invocations=17 (full 3):
 PSYoungGen      total 788480K, used 140576K [0x000000076ab00000, 0x00000007a9d00000, 0x00000007c0000000)
  eden space 609792K, 0% used [0x000000076ab00000,0x000000076ab00000,0x000000078fe80000)
  from space 178688K, 78% used [0x000000079bc80000,0x00000007a45c81d0,0x00000007a6b00000)
  to   space 194560K, 0% used [0x000000078fe80000,0x000000078fe80000,0x000000079bc80000)
 ParOldGen       total 455168K, used 377621K [0x00000006c0000000, 0x00000006dbc80000, 0x000000076ab00000)
  object space 455168K, 82% used [0x00000006c0000000,0x00000006d70c5710,0x00000006dbc80000)
 Metaspace       used 6204K, capacity 7216K, committed 7296K, reserved 1056768K
  class space    used 579K, capacity 616K, committed 640K, reserved 1048576K
}
Event: 22.513 GC heap before
{Heap before GC invocations=18 (full 3):
 PSYoungGen      total 788480K, used 750368K [0x000000076ab00000, 0x00000007a9d00000, 0x00000007c0000000)
  eden space 609792K, 100% used [0x000000076ab00000,0x000000078fe80000,0x000000078fe80000)
  from space 178688K, 78% used [0x000000079bc80000,0x00000007a45c81d0,0x00000007a6b00000)
  to   space 194560K, 0% used [0x000000078fe80000,0x000000078fe80000,0x000000079bc80000)
 ParOldGen       total 455168K, used 377621K [0x00000006c0000000, 0x00000006dbc80000, 0x000000076ab00000)
  object space 455168K, 82% used [0x00000006c0000000,0x00000006d70c5710,0x00000006dbc80000)
 Metaspace       used 6206K, capacity 7216K, committed 7296K, reserved 1056768K
  class space    used 579K, capacity 616K, committed 640K, reserved 1048576K
Event: 22.704 GC heap after
Heap after GC invocations=18 (full 3):
 PSYoungGen      total 804352K, used 183655K [0x000000076ab00000, 0x00000007b4280000, 0x00000007c0000000)
  eden space 609792K, 0% used [0x000000076ab00000,0x000000076ab00000,0x000000078fe80000)
  from space 194560K, 94% used [0x000000078fe80000,0x000000079b1d9f58,0x000000079bc80000)
  to   space 223232K, 0% used [0x00000007a6880000,0x00000007a6880000,0x00000007b4280000)
 ParOldGen       total 455168K, used 377621K [0x00000006c0000000, 0x00000006dbc80000, 0x000000076ab00000)
  object space 455168K, 82% used [0x00000006c0000000,0x00000006d70c5710,0x00000006dbc80000)
 Metaspace       used 6206K, capacity 7216K, committed 7296K, reserved 1056768K
  class space    used 579K, capacity 616K, committed 640K, reserved 1048576K
}

