# JRE version: Java(TM) SE Runtime Environment (8.0_91-b14) (build 1.8.0_91-b14)
# Java VM: Java HotSpot(TM) 64-Bit Server VM (25.91-b14 mixed mode linux-amd64 compressed oops)
Heap:
 PSYoungGen      total 739840K, used 152548K [0x000000076ab00000, 0x00000007ae580000, 0x00000007c0000000)
  eden space 587264K, 0% used [0x000000076ab00000,0x000000076ab00000,0x000000078e880000)
  from space 152576K, 99% used [0x000000078e880000,0x0000000797d79098,0x0000000797d80000)
  to   space 197632K, 0% used [0x00000007a2480000,0x00000007a2480000,0x00000007ae580000)
 ParOldGen       total 471552K, used 438040K [0x00000006c0000000, 0x00000006dcc80000, 0x000000076ab00000)
  object space 471552K, 92% used [0x00000006c0000000,0x00000006dabc6380,0x00000006dcc80000)
 Metaspace       used 6184K, capacity 7216K, committed 7296K, reserved 1056768K
  class space    used 581K, capacity 616K, committed 640K, reserved 1048576K
GC Heap History (10 events):
Event: 18.259 GC heap after
Heap after GC invocations=14 (full 3):
 PSYoungGen      total 537600K, used 19287K [0x000000076ab00000, 0x0000000796e80000, 0x00000007c0000000)
  eden space 438272K, 0% used [0x000000076ab00000,0x000000076ab00000,0x0000000785700000)
  from space 99328K, 19% used [0x0000000785700000,0x00000007869d5ce8,0x000000078b800000)
  to   space 103936K, 0% used [0x0000000790900000,0x0000000790900000,0x0000000796e80000)
 ParOldGen       total 471552K, used 291318K [0x00000006c0000000, 0x00000006dcc80000, 0x000000076ab00000)
  object space 471552K, 61% used [0x00000006c0000000,0x00000006d1c7d878,0x00000006dcc80000)
 Metaspace       used 6164K, capacity 7216K, committed 7296K, reserved 1056768K
  class space    used 579K, capacity 616K, committed 640K, reserved 1048576K
}
Event: 20.098 GC heap before
{Heap before GC invocations=15 (full 3):
 PSYoungGen      total 537600K, used 457559K [0x000000076ab00000, 0x0000000796e80000, 0x00000007c0000000)
  eden space 438272K, 100% used [0x000000076ab00000,0x0000000785700000,0x0000000785700000)
  from space 99328K, 19% used [0x0000000785700000,0x00000007869d5ce8,0x000000078b800000)
  to   space 103936K, 0% used [0x0000000790900000,0x0000000790900000,0x0000000796e80000)
 ParOldGen       total 471552K, used 291318K [0x00000006c0000000, 0x00000006dcc80000, 0x000000076ab00000)
  object space 471552K, 61% used [0x00000006c0000000,0x00000006d1c7d878,0x00000006dcc80000)
 Metaspace       used 6174K, capacity 7216K, committed 7296K, reserved 1056768K
  class space    used 580K, capacity 616K, committed 640K, reserved 1048576K
Event: 20.276 GC heap after
Heap after GC invocations=15 (full 3):
 PSYoungGen      total 613888K, used 75603K [0x000000076ab00000, 0x0000000797780000, 0x00000007c0000000)
  eden space 509952K, 0% used [0x000000076ab00000,0x000000076ab00000,0x0000000789d00000)
  from space 103936K, 72% used [0x0000000790900000,0x00000007952d4ed0,0x0000000796e80000)
  to   space 110592K, 0% used [0x0000000789d00000,0x0000000789d00000,0x0000000790900000)
 ParOldGen       total 471552K, used 291318K [0x00000006c0000000, 0x00000006dcc80000, 0x000000076ab00000)
  object space 471552K, 61% used [0x00000006c0000000,0x00000006d1c7d878,0x00000006dcc80000)
 Metaspace       used 6174K, capacity 7216K, committed 7296K, reserved 1056768K
  class space    used 580K, capacity 616K, committed 640K, reserved 1048576K
}
Event: 22.375 GC heap before
{Heap before GC invocations=16 (full 3):
 PSYoungGen      total 613888K, used 585555K [0x000000076ab00000, 0x0000000797780000, 0x00000007c0000000)
  eden space 509952K, 100% used [0x000000076ab00000,0x0000000789d00000,0x0000000789d00000)
  from space 103936K, 72% used [0x0000000790900000,0x00000007952d4ed0,0x0000000796e80000)
  to   space 110592K, 0% used [0x0000000789d00000,0x0000000789d00000,0x0000000790900000)
 ParOldGen       total 471552K, used 291318K [0x00000006c0000000, 0x00000006dcc80000, 0x000000076ab00000)
  object space 471552K, 61% used [0x00000006c0000000,0x00000006d1c7d878,0x00000006dcc80000)
 Metaspace       used 6180K, capacity 7216K, committed 7296K, reserved 1056768K
  class space    used 581K, capacity 616K, committed 640K, reserved 1048576K
Event: 22.562 GC heap after
Heap after GC invocations=16 (full 3):
 PSYoungGen      total 620544K, used 110581K [0x000000076ab00000, 0x00000007a0480000, 0x00000007c0000000)
  eden space 509952K, 0% used [0x000000076ab00000,0x000000076ab00000,0x0000000789d00000)
  from space 110592K, 99% used [0x0000000789d00000,0x00000007908fd590,0x0000000790900000)
  to   space 138240K, 0% used [0x0000000797d80000,0x0000000797d80000,0x00000007a0480000)
 ParOldGen       total 471552K, used 318547K [0x00000006c0000000, 0x00000006dcc80000, 0x000000076ab00000)
  object space 471552K, 67% used [0x00000006c0000000,0x00000006d3714ee8,0x00000006dcc80000)
 Metaspace       used 6180K, capacity 7216K, committed 7296K, reserved 1056768K
  class space    used 581K, capacity 616K, committed 640K, reserved 1048576K
}
Event: 24.225 GC heap before
{Heap before GC invocations=17 (full 3):
 PSYoungGen      total 620544K, used 620533K [0x000000076ab00000, 0x00000007a0480000, 0x00000007c0000000)
  eden space 509952K, 100% used [0x000000076ab00000,0x0000000789d00000,0x0000000789d00000)
  from space 110592K, 99% used [0x0000000789d00000,0x00000007908fd590,0x0000000790900000)
  to   space 138240K, 0% used [0x0000000797d80000,0x0000000797d80000,0x00000007a0480000)
 ParOldGen       total 471552K, used 318547K [0x00000006c0000000, 0x00000006dcc80000, 0x000000076ab00000)
  object space 471552K, 67% used [0x00000006c0000000,0x00000006d3714ee8,0x00000006dcc80000)
 Metaspace       used 6182K, capacity 7216K, committed 7296K, reserved 1056768K
  class space    used 581K, capacity 616K, committed 640K, reserved 1048576K
Event: 24.500 GC heap after
Heap after GC invocations=17 (full 3):
 PSYoungGen      total 725504K, used 116726K [0x000000076ab00000, 0x00000007a3080000, 0x00000007c0000000)
  eden space 587264K, 0% used [0x000000076ab00000,0x000000076ab00000,0x000000078e880000)
  from space 138240K, 84% used [0x0000000797d80000,0x000000079ef7db10,0x00000007a0480000)
  to   space 152576K, 0% used [0x000000078e880000,0x000000078e880000,0x0000000797d80000)
 ParOldGen       total 471552K, used 383579K [0x00000006c0000000, 0x00000006dcc80000, 0x000000076ab00000)
  object space 471552K, 81% used [0x00000006c0000000,0x00000006d7696d60,0x00000006dcc80000)
 Metaspace       used 6182K, capacity 7216K, committed 7296K, reserved 1056768K
  class space    used 581K, capacity 616K, committed 640K, reserved 1048576K
}
Event: 26.409 GC heap before
{Heap before GC invocations=18 (full 3):
 PSYoungGen      total 725504K, used 703990K [0x000000076ab00000, 0x00000007a3080000, 0x00000007c0000000)
  eden space 587264K, 100% used [0x000000076ab00000,0x000000078e880000,0x000000078e880000)
  from space 138240K, 84% used [0x0000000797d80000,0x000000079ef7db10,0x00000007a0480000)
  to   space 152576K, 0% used [0x000000078e880000,0x000000078e880000,0x0000000797d80000)
 ParOldGen       total 471552K, used 383579K [0x00000006c0000000, 0x00000006dcc80000, 0x000000076ab00000)
  object space 471552K, 81% used [0x00000006c0000000,0x00000006d7696d60,0x00000006dcc80000)
 Metaspace       used 6184K, capacity 7216K, committed 7296K, reserved 1056768K
  class space    used 581K, capacity 616K, committed 640K, reserved 1048576K
Event: 26.605 GC heap after
Heap after GC invocations=18 (full 3):
 PSYoungGen      total 739840K, used 152548K [0x000000076ab00000, 0x00000007ae580000, 0x00000007c0000000)
  eden space 587264K, 0% used [0x000000076ab00000,0x000000076ab00000,0x000000078e880000)
  from space 152576K, 99% used [0x000000078e880000,0x0000000797d79098,0x0000000797d80000)
  to   space 197632K, 0% used [0x00000007a2480000,0x00000007a2480000,0x00000007ae580000)
 ParOldGen       total 471552K, used 438040K [0x00000006c0000000, 0x00000006dcc80000, 0x000000076ab00000)
  object space 471552K, 92% used [0x00000006c0000000,0x00000006dabc6380,0x00000006dcc80000)
 Metaspace       used 6184K, capacity 7216K, committed 7296K, reserved 1056768K
  class space    used 581K, capacity 616K, committed 640K, reserved 1048576K
}
Event: 26.605 GC heap before
{Heap before GC invocations=19 (full 4):
 PSYoungGen      total 739840K, used 152548K [0x000000076ab00000, 0x00000007ae580000, 0x00000007c0000000)
  eden space 587264K, 0% used [0x000000076ab00000,0x000000076ab00000,0x000000078e880000)
  from space 152576K, 99% used [0x000000078e880000,0x0000000797d79098,0x0000000797d80000)
  to   space 197632K, 0% used [0x00000007a2480000,0x00000007a2480000,0x00000007ae580000)
 ParOldGen       total 471552K, used 438040K [0x00000006c0000000, 0x00000006dcc80000, 0x000000076ab00000)
  object space 471552K, 92% used [0x00000006c0000000,0x00000006dabc6380,0x00000006dcc80000)
 Metaspace       used 6184K, capacity 7216K, committed 7296K, reserved 1056768K
  class space    used 581K, capacity 616K, committed 640K, reserved 1048576K

