# JRE version: Java(TM) SE Runtime Environment (8.0_91-b14) (build 1.8.0_91-b14)
# Java VM: Java HotSpot(TM) 64-Bit Server VM (25.91-b14 mixed mode linux-amd64 compressed oops)
Heap:
 PSYoungGen      total 495104K, used 455618K [0x000000076ab00000, 0x000000078fc00000, 0x00000007c0000000)
  eden space 436224K, 100% used [0x000000076ab00000,0x0000000785500000,0x0000000785500000)
  from space 58880K, 32% used [0x0000000788000000,0x00000007892f0998,0x000000078b980000)
  to   space 68096K, 99% used [0x000000078b980000,0x000000078fbffcf8,0x000000078fc00000)
 ParOldGen       total 287232K, used 183839K [0x00000006c0000000, 0x00000006d1880000, 0x000000076ab00000)
  object space 287232K, 64% used [0x00000006c0000000,0x00000006cb387f20,0x00000006d1880000)
 Metaspace       used 6189K, capacity 7216K, committed 7296K, reserved 1056768K
  class space    used 579K, capacity 616K, committed 640K, reserved 1048576K
GC Heap History (10 events):
Event: 5.335 GC heap after
Heap after GC invocations=7 (full 0):
 PSYoungGen      total 279552K, used 29159K [0x000000076ab00000, 0x000000078f300000, 0x00000007c0000000)
  eden space 250368K, 0% used [0x000000076ab00000,0x000000076ab00000,0x0000000779f80000)
  from space 29184K, 99% used [0x0000000779f80000,0x000000077bbf9ed8,0x000000077bc00000)
  to   space 48640K, 0% used [0x000000078c380000,0x000000078c380000,0x000000078f300000)
 ParOldGen       total 84992K, used 75714K [0x00000006c0000000, 0x00000006c5300000, 0x000000076ab00000)
  object space 84992K, 89% used [0x00000006c0000000,0x00000006c49f09a0,0x00000006c5300000)
 Metaspace       used 6130K, capacity 7216K, committed 7296K, reserved 1056768K
  class space    used 577K, capacity 616K, committed 640K, reserved 1048576K
}
Event: 5.335 GC heap before
{Heap before GC invocations=8 (full 1):
 PSYoungGen      total 279552K, used 29159K [0x000000076ab00000, 0x000000078f300000, 0x00000007c0000000)
  eden space 250368K, 0% used [0x000000076ab00000,0x000000076ab00000,0x0000000779f80000)
  from space 29184K, 99% used [0x0000000779f80000,0x000000077bbf9ed8,0x000000077bc00000)
  to   space 48640K, 0% used [0x000000078c380000,0x000000078c380000,0x000000078f300000)
 ParOldGen       total 84992K, used 75714K [0x00000006c0000000, 0x00000006c5300000, 0x000000076ab00000)
  object space 84992K, 89% used [0x00000006c0000000,0x00000006c49f09a0,0x00000006c5300000)
 Metaspace       used 6130K, capacity 7216K, committed 7296K, reserved 1056768K
  class space    used 577K, capacity 616K, committed 640K, reserved 1048576K
Event: 5.851 GC heap after
Heap after GC invocations=8 (full 1):
 PSYoungGen      total 279552K, used 16285K [0x000000076ab00000, 0x000000078f300000, 0x00000007c0000000)
  eden space 250368K, 0% used [0x000000076ab00000,0x000000076ab00000,0x0000000779f80000)
  from space 29184K, 55% used [0x0000000779f80000,0x000000077af675f8,0x000000077bc00000)
  to   space 48640K, 0% used [0x000000078c380000,0x000000078c380000,0x000000078f300000)
 ParOldGen       total 163840K, used 84580K [0x00000006c0000000, 0x00000006ca000000, 0x000000076ab00000)
  object space 163840K, 51% used [0x00000006c0000000,0x00000006c5299070,0x00000006ca000000)
 Metaspace       used 6130K, capacity 7216K, committed 7296K, reserved 1056768K
  class space    used 577K, capacity 616K, committed 640K, reserved 1048576K
}
Event: 7.134 GC heap before
{Heap before GC invocations=9 (full 1):
 PSYoungGen      total 279552K, used 266653K [0x000000076ab00000, 0x000000078f300000, 0x00000007c0000000)
  eden space 250368K, 100% used [0x000000076ab00000,0x0000000779f80000,0x0000000779f80000)
  from space 29184K, 55% used [0x0000000779f80000,0x000000077af675f8,0x000000077bc00000)
  to   space 48640K, 0% used [0x000000078c380000,0x000000078c380000,0x000000078f300000)
 ParOldGen       total 163840K, used 84580K [0x00000006c0000000, 0x00000006ca000000, 0x000000076ab00000)
  object space 163840K, 51% used [0x00000006c0000000,0x00000006c5299070,0x00000006ca000000)
 Metaspace       used 6156K, capacity 7216K, committed 7296K, reserved 1056768K
  class space    used 577K, capacity 616K, committed 640K, reserved 1048576K
Event: 7.233 GC heap after
Heap after GC invocations=9 (full 1):
 PSYoungGen      total 396800K, used 48638K [0x000000076ab00000, 0x000000078f300000, 0x00000007c0000000)
  eden space 348160K, 0% used [0x000000076ab00000,0x000000076ab00000,0x000000077ff00000)
  from space 48640K, 99% used [0x000000078c380000,0x000000078f2ffa40,0x000000078f300000)
  to   space 58880K, 0% used [0x0000000788000000,0x0000000788000000,0x000000078b980000)
 ParOldGen       total 163840K, used 89018K [0x00000006c0000000, 0x00000006ca000000, 0x000000076ab00000)
  object space 163840K, 54% used [0x00000006c0000000,0x00000006c56eebd8,0x00000006ca000000)
 Metaspace       used 6156K, capacity 7216K, committed 7296K, reserved 1056768K
  class space    used 577K, capacity 616K, committed 640K, reserved 1048576K
}
Event: 8.785 GC heap before
{Heap before GC invocations=10 (full 1):
 PSYoungGen      total 396800K, used 396798K [0x000000076ab00000, 0x000000078f300000, 0x00000007c0000000)
  eden space 348160K, 100% used [0x000000076ab00000,0x000000077ff00000,0x000000077ff00000)
  from space 48640K, 99% used [0x000000078c380000,0x000000078f2ffa40,0x000000078f300000)
  to   space 58880K, 0% used [0x0000000788000000,0x0000000788000000,0x000000078b980000)
 ParOldGen       total 163840K, used 89018K [0x00000006c0000000, 0x00000006ca000000, 0x000000076ab00000)
  object space 163840K, 54% used [0x00000006c0000000,0x00000006c56eebd8,0x00000006ca000000)
 Metaspace       used 6176K, capacity 7216K, committed 7296K, reserved 1056768K
  class space    used 579K, capacity 616K, committed 640K, reserved 1048576K
Event: 8.933 GC heap after
Heap after GC invocations=10 (full 1):
 PSYoungGen      total 495104K, used 58872K [0x000000076ab00000, 0x000000078fc00000, 0x00000007c0000000)
  eden space 436224K, 0% used [0x000000076ab00000,0x000000076ab00000,0x0000000785500000)
  from space 58880K, 99% used [0x0000000788000000,0x000000078b97e328,0x000000078b980000)
  to   space 68096K, 0% used [0x000000078b980000,0x000000078b980000,0x000000078fc00000)
 ParOldGen       total 163840K, used 130047K [0x00000006c0000000, 0x00000006ca000000, 0x000000076ab00000)
  object space 163840K, 79% used [0x00000006c0000000,0x00000006c7effed0,0x00000006ca000000)
 Metaspace       used 6176K, capacity 7216K, committed 7296K, reserved 1056768K
  class space    used 579K, capacity 616K, committed 640K, reserved 1048576K
}
Event: 8.933 GC heap before
{Heap before GC invocations=11 (full 2):
 PSYoungGen      total 495104K, used 58872K [0x000000076ab00000, 0x000000078fc00000, 0x00000007c0000000)
  eden space 436224K, 0% used [0x000000076ab00000,0x000000076ab00000,0x0000000785500000)
  from space 58880K, 99% used [0x0000000788000000,0x000000078b97e328,0x000000078b980000)
  to   space 68096K, 0% used [0x000000078b980000,0x000000078b980000,0x000000078fc00000)
 ParOldGen       total 163840K, used 130047K [0x00000006c0000000, 0x00000006ca000000, 0x000000076ab00000)
  object space 163840K, 79% used [0x00000006c0000000,0x00000006c7effed0,0x00000006ca000000)
 Metaspace       used 6176K, capacity 7216K, committed 7296K, reserved 1056768K
  class space    used 579K, capacity 616K, committed 640K, reserved 1048576K
Event: 9.589 GC heap after
Heap after GC invocations=11 (full 2):
 PSYoungGen      total 495104K, used 19394K [0x000000076ab00000, 0x000000078fc00000, 0x00000007c0000000)
  eden space 436224K, 0% used [0x000000076ab00000,0x000000076ab00000,0x0000000785500000)
  from space 58880K, 32% used [0x0000000788000000,0x00000007892f0998,0x000000078b980000)
  to   space 68096K, 0% used [0x000000078b980000,0x000000078b980000,0x000000078fc00000)
 ParOldGen       total 287232K, used 163683K [0x00000006c0000000, 0x00000006d1880000, 0x000000076ab00000)
  object space 287232K, 56% used [0x00000006c0000000,0x00000006c9fd8fb8,0x00000006d1880000)
 Metaspace       used 6176K, capacity 7216K, committed 7296K, reserved 1056768K
  class space    used 579K, capacity 616K, committed 640K, reserved 1048576K
}
Event: 11.698 GC heap before
{Heap before GC invocations=12 (full 2):
 PSYoungGen      total 495104K, used 455618K [0x000000076ab00000, 0x000000078fc00000, 0x00000007c0000000)
  eden space 436224K, 100% used [0x000000076ab00000,0x0000000785500000,0x0000000785500000)
  from space 58880K, 32% used [0x0000000788000000,0x00000007892f0998,0x000000078b980000)
  to   space 68096K, 0% used [0x000000078b980000,0x000000078b980000,0x000000078fc00000)
 ParOldGen       total 287232K, used 163683K [0x00000006c0000000, 0x00000006d1880000, 0x000000076ab00000)
  object space 287232K, 56% used [0x00000006c0000000,0x00000006c9fd8fb8,0x00000006d1880000)
 Metaspace       used 6189K, capacity 7216K, committed 7296K, reserved 1056768K
  class space    used 579K, capacity 616K, committed 640K, reserved 1048576K

