# JRE version: Java(TM) SE Runtime Environment (8.0_91-b14) (build 1.8.0_91-b14)
# Java VM: Java HotSpot(TM) 64-Bit Server VM (25.91-b14 mixed mode linux-amd64 compressed oops)
Heap:
 PSYoungGen      total 742912K, used 742891K [0x000000076ab00000, 0x00000007ad500000, 0x00000007c0000000)
  eden space 582656K, 100% used [0x000000076ab00000,0x000000078e400000,0x000000078e400000)
  from space 160256K, 99% used [0x000000078e400000,0x000000079807afe0,0x0000000798080000)
  to   space 191488K, 47% used [0x00000007a1a00000,0x00000007a71e78c8,0x00000007ad500000)
 ParOldGen       total 505856K, used 505307K [0x00000006c0000000, 0x00000006dee00000, 0x000000076ab00000)
  object space 505856K, 99% used [0x00000006c0000000,0x00000006ded76d50,0x00000006dee00000)
 Metaspace       used 6208K, capacity 7280K, committed 7552K, reserved 1056768K
  class space    used 580K, capacity 616K, committed 640K, reserved 1048576K
GC Heap History (10 events):
Event: 15.180 GC heap after
Heap after GC invocations=15 (full 3):
 PSYoungGen      total 612864K, used 80827K [0x000000076ab00000, 0x0000000797c80000, 0x00000007c0000000)
  eden space 504320K, 0% used [0x000000076ab00000,0x000000076ab00000,0x0000000789780000)
  from space 108544K, 74% used [0x0000000790880000,0x000000079576ec58,0x0000000797280000)
  to   space 115712K, 0% used [0x0000000789780000,0x0000000789780000,0x0000000790880000)
 ParOldGen       total 478720K, used 293854K [0x00000006c0000000, 0x00000006dd380000, 0x000000076ab00000)
  object space 478720K, 61% used [0x00000006c0000000,0x00000006d1ef7b58,0x00000006dd380000)
 Metaspace       used 6196K, capacity 7216K, committed 7296K, reserved 1056768K
  class space    used 580K, capacity 616K, committed 640K, reserved 1048576K
}
Event: 16.452 GC heap before
{Heap before GC invocations=16 (full 3):
 PSYoungGen      total 612864K, used 585147K [0x000000076ab00000, 0x0000000797c80000, 0x00000007c0000000)
  eden space 504320K, 100% used [0x000000076ab00000,0x0000000789780000,0x0000000789780000)
  from space 108544K, 74% used [0x0000000790880000,0x000000079576ec58,0x0000000797280000)
  to   space 115712K, 0% used [0x0000000789780000,0x0000000789780000,0x0000000790880000)
 ParOldGen       total 478720K, used 293854K [0x00000006c0000000, 0x00000006dd380000, 0x000000076ab00000)
  object space 478720K, 61% used [0x00000006c0000000,0x00000006d1ef7b58,0x00000006dd380000)
 Metaspace       used 6202K, capacity 7216K, committed 7296K, reserved 1056768K
  class space    used 580K, capacity 616K, committed 640K, reserved 1048576K
Event: 16.628 GC heap after
Heap after GC invocations=16 (full 3):
 PSYoungGen      total 620032K, used 115691K [0x000000076ab00000, 0x00000007a0e00000, 0x00000007c0000000)
  eden space 504320K, 0% used [0x000000076ab00000,0x000000076ab00000,0x0000000789780000)
  from space 115712K, 99% used [0x0000000789780000,0x000000079087ac70,0x0000000790880000)
  to   space 144896K, 0% used [0x0000000798080000,0x0000000798080000,0x00000007a0e00000)
 ParOldGen       total 478720K, used 321946K [0x00000006c0000000, 0x00000006dd380000, 0x000000076ab00000)
  object space 478720K, 67% used [0x00000006c0000000,0x00000006d3a66a78,0x00000006dd380000)
 Metaspace       used 6202K, capacity 7216K, committed 7296K, reserved 1056768K
  class space    used 580K, capacity 616K, committed 640K, reserved 1048576K
}
Event: 18.066 GC heap before
{Heap before GC invocations=17 (full 3):
 PSYoungGen      total 620032K, used 620011K [0x000000076ab00000, 0x00000007a0e00000, 0x00000007c0000000)
  eden space 504320K, 100% used [0x000000076ab00000,0x0000000789780000,0x0000000789780000)
  from space 115712K, 99% used [0x0000000789780000,0x000000079087ac70,0x0000000790880000)
  to   space 144896K, 0% used [0x0000000798080000,0x0000000798080000,0x00000007a0e00000)
 ParOldGen       total 478720K, used 321946K [0x00000006c0000000, 0x00000006dd380000, 0x000000076ab00000)
  object space 478720K, 67% used [0x00000006c0000000,0x00000006d3a66a78,0x00000006dd380000)
 Metaspace       used 6205K, capacity 7280K, committed 7552K, reserved 1056768K
  class space    used 580K, capacity 616K, committed 640K, reserved 1048576K
Event: 18.312 GC heap after
Heap after GC invocations=17 (full 3):
 PSYoungGen      total 727552K, used 121792K [0x000000076ab00000, 0x00000007a3800000, 0x00000007c0000000)
  eden space 582656K, 0% used [0x000000076ab00000,0x000000076ab00000,0x000000078e400000)
  from space 144896K, 84% used [0x0000000798080000,0x000000079f770018,0x00000007a0e00000)
  to   space 160256K, 0% used [0x000000078e400000,0x000000078e400000,0x0000000798080000)
 ParOldGen       total 478720K, used 386760K [0x00000006c0000000, 0x00000006dd380000, 0x000000076ab00000)
  object space 478720K, 80% used [0x00000006c0000000,0x00000006d79b20a0,0x00000006dd380000)
 Metaspace       used 6205K, capacity 7280K, committed 7552K, reserved 1056768K
  class space    used 580K, capacity 616K, committed 640K, reserved 1048576K
}
Event: 19.968 GC heap before
{Heap before GC invocations=18 (full 3):
 PSYoungGen      total 727552K, used 704448K [0x000000076ab00000, 0x00000007a3800000, 0x00000007c0000000)
  eden space 582656K, 100% used [0x000000076ab00000,0x000000078e400000,0x000000078e400000)
  from space 144896K, 84% used [0x0000000798080000,0x000000079f770018,0x00000007a0e00000)
  to   space 160256K, 0% used [0x000000078e400000,0x000000078e400000,0x0000000798080000)
 ParOldGen       total 478720K, used 386760K [0x00000006c0000000, 0x00000006dd380000, 0x000000076ab00000)
  object space 478720K, 80% used [0x00000006c0000000,0x00000006d79b20a0,0x00000006dd380000)
 Metaspace       used 6208K, capacity 7280K, committed 7552K, reserved 1056768K
  class space    used 580K, capacity 616K, committed 640K, reserved 1048576K
Event: 20.176 GC heap after
Heap after GC invocations=18 (full 3):
 PSYoungGen      total 742912K, used 160235K [0x000000076ab00000, 0x00000007ad500000, 0x00000007c0000000)
  eden space 582656K, 0% used [0x000000076ab00000,0x000000076ab00000,0x000000078e400000)
  from space 160256K, 99% used [0x000000078e400000,0x000000079807afe0,0x0000000798080000)
  to   space 191488K, 0% used [0x00000007a1a00000,0x00000007a1a00000,0x00000007ad500000)
 ParOldGen       total 478720K, used 400545K [0x00000006c0000000, 0x00000006dd380000, 0x000000076ab00000)
  object space 478720K, 83% used [0x00000006c0000000,0x00000006d8728718,0x00000006dd380000)
 Metaspace       used 6208K, capacity 7280K, committed 7552K, reserved 1056768K
  class space    used 580K, capacity 616K, committed 640K, reserved 1048576K
}
Event: 21.626 GC heap before
{Heap before GC invocations=19 (full 3):
 PSYoungGen      total 742912K, used 742891K [0x000000076ab00000, 0x00000007ad500000, 0x00000007c0000000)
  eden space 582656K, 100% used [0x000000076ab00000,0x000000078e400000,0x000000078e400000)
  from space 160256K, 99% used [0x000000078e400000,0x000000079807afe0,0x0000000798080000)
  to   space 191488K, 0% used [0x00000007a1a00000,0x00000007a1a00000,0x00000007ad500000)
 ParOldGen       total 478720K, used 400545K [0x00000006c0000000, 0x00000006dd380000, 0x000000076ab00000)
  object space 478720K, 83% used [0x00000006c0000000,0x00000006d8728718,0x00000006dd380000)
 Metaspace       used 6208K, capacity 7280K, committed 7552K, reserved 1056768K
  class space    used 580K, capacity 616K, committed 640K, reserved 1048576K
Event: 22.003 GC heap after
Heap after GC invocations=19 (full 3):
 PSYoungGen      total 742912K, used 742891K [0x000000076ab00000, 0x00000007ad500000, 0x00000007c0000000)
  eden space 582656K, 100% used [0x000000076ab00000,0x000000078e400000,0x000000078e400000)
  from space 160256K, 99% used [0x000000078e400000,0x000000079807afe0,0x0000000798080000)
  to   space 191488K, 47% used [0x00000007a1a00000,0x00000007a71e78c8,0x00000007ad500000)
 ParOldGen       total 505856K, used 505307K [0x00000006c0000000, 0x00000006dee00000, 0x000000076ab00000)
  object space 505856K, 99% used [0x00000006c0000000,0x00000006ded76d50,0x00000006dee00000)
 Metaspace       used 6208K, capacity 7280K, committed 7552K, reserved 1056768K
  class space    used 580K, capacity 616K, committed 640K, reserved 1048576K
}
Event: 22.003 GC heap before
{Heap before GC invocations=20 (full 4):
 PSYoungGen      total 742912K, used 742891K [0x000000076ab00000, 0x00000007ad500000, 0x00000007c0000000)
  eden space 582656K, 100% used [0x000000076ab00000,0x000000078e400000,0x000000078e400000)
  from space 160256K, 99% used [0x000000078e400000,0x000000079807afe0,0x0000000798080000)
  to   space 191488K, 47% used [0x00000007a1a00000,0x00000007a71e78c8,0x00000007ad500000)
 ParOldGen       total 505856K, used 505307K [0x00000006c0000000, 0x00000006dee00000, 0x000000076ab00000)
  object space 505856K, 99% used [0x00000006c0000000,0x00000006ded76d50,0x00000006dee00000)
 Metaspace       used 6208K, capacity 7280K, committed 7552K, reserved 1056768K
  class space    used 580K, capacity 616K, committed 640K, reserved 1048576K

