# JRE version: Java(TM) SE Runtime Environment (8.0_91-b14) (build 1.8.0_91-b14)
# Java VM: Java HotSpot(TM) 64-Bit Server VM (25.91-b14 mixed mode linux-amd64 compressed oops)
Heap:
 PSYoungGen      total 740864K, used 158206K [0x000000076ab00000, 0x00000007af000000, 0x00000007c0000000)
  eden space 582656K, 0% used [0x000000076ab00000,0x000000076ab00000,0x000000078e400000)
  from space 158208K, 99% used [0x000000078e400000,0x0000000797e7fa40,0x0000000797e80000)
  to   space 203264K, 0% used [0x00000007a2980000,0x00000007a2980000,0x00000007af000000)
 ParOldGen       total 470528K, used 432299K [0x00000006c0000000, 0x00000006dcb80000, 0x000000076ab00000)
  object space 470528K, 91% used [0x00000006c0000000,0x00000006da62afc8,0x00000006dcb80000)
 Metaspace       used 6211K, capacity 7280K, committed 7552K, reserved 1056768K
  class space    used 579K, capacity 616K, committed 640K, reserved 1048576K
GC Heap History (10 events):
Event: 14.837 GC heap after
Heap after GC invocations=14 (full 3):
 PSYoungGen      total 537600K, used 25518K [0x000000076ab00000, 0x0000000796e00000, 0x00000007c0000000)
  eden space 439808K, 0% used [0x000000076ab00000,0x000000076ab00000,0x0000000785880000)
  from space 97792K, 26% used [0x0000000785880000,0x000000078716b840,0x000000078b800000)
  to   space 104448K, 0% used [0x0000000790800000,0x0000000790800000,0x0000000796e00000)
 ParOldGen       total 470528K, used 289635K [0x00000006c0000000, 0x00000006dcb80000, 0x000000076ab00000)
  object space 470528K, 61% used [0x00000006c0000000,0x00000006d1ad8cc8,0x00000006dcb80000)
 Metaspace       used 6193K, capacity 7216K, committed 7296K, reserved 1056768K
  class space    used 579K, capacity 616K, committed 640K, reserved 1048576K
}
Event: 16.483 GC heap before
{Heap before GC invocations=15 (full 3):
 PSYoungGen      total 537600K, used 465326K [0x000000076ab00000, 0x0000000796e00000, 0x00000007c0000000)
  eden space 439808K, 100% used [0x000000076ab00000,0x0000000785880000,0x0000000785880000)
  from space 97792K, 26% used [0x0000000785880000,0x000000078716b840,0x000000078b800000)
  to   space 104448K, 0% used [0x0000000790800000,0x0000000790800000,0x0000000796e00000)
 ParOldGen       total 470528K, used 289635K [0x00000006c0000000, 0x00000006dcb80000, 0x000000076ab00000)
  object space 470528K, 61% used [0x00000006c0000000,0x00000006d1ad8cc8,0x00000006dcb80000)
 Metaspace       used 6203K, capacity 7216K, committed 7296K, reserved 1056768K
  class space    used 579K, capacity 616K, committed 640K, reserved 1048576K
Event: 16.634 GC heap after
Heap after GC invocations=15 (full 3):
 PSYoungGen      total 611328K, used 80678K [0x000000076ab00000, 0x0000000797900000, 0x00000007c0000000)
  eden space 506880K, 0% used [0x000000076ab00000,0x000000076ab00000,0x0000000789a00000)
  from space 104448K, 77% used [0x0000000790800000,0x00000007956c99f0,0x0000000796e00000)
  to   space 112640K, 0% used [0x0000000789a00000,0x0000000789a00000,0x0000000790800000)
 ParOldGen       total 470528K, used 289635K [0x00000006c0000000, 0x00000006dcb80000, 0x000000076ab00000)
  object space 470528K, 61% used [0x00000006c0000000,0x00000006d1ad8cc8,0x00000006dcb80000)
 Metaspace       used 6203K, capacity 7216K, committed 7296K, reserved 1056768K
  class space    used 579K, capacity 616K, committed 640K, reserved 1048576K
}
Event: 18.181 GC heap before
{Heap before GC invocations=16 (full 3):
 PSYoungGen      total 611328K, used 587558K [0x000000076ab00000, 0x0000000797900000, 0x00000007c0000000)
  eden space 506880K, 100% used [0x000000076ab00000,0x0000000789a00000,0x0000000789a00000)
  from space 104448K, 77% used [0x0000000790800000,0x00000007956c99f0,0x0000000796e00000)
  to   space 112640K, 0% used [0x0000000789a00000,0x0000000789a00000,0x0000000790800000)
 ParOldGen       total 470528K, used 289635K [0x00000006c0000000, 0x00000006dcb80000, 0x000000076ab00000)
  object space 470528K, 61% used [0x00000006c0000000,0x00000006d1ad8cc8,0x00000006dcb80000)
 Metaspace       used 6208K, capacity 7216K, committed 7296K, reserved 1056768K
  class space    used 579K, capacity 616K, committed 640K, reserved 1048576K
Event: 18.369 GC heap after
Heap after GC invocations=16 (full 3):
 PSYoungGen      total 619520K, used 112630K [0x000000076ab00000, 0x00000007a0980000, 0x00000007c0000000)
  eden space 506880K, 0% used [0x000000076ab00000,0x000000076ab00000,0x0000000789a00000)
  from space 112640K, 99% used [0x0000000789a00000,0x00000007907fd9c0,0x0000000790800000)
  to   space 142336K, 0% used [0x0000000797e80000,0x0000000797e80000,0x00000007a0980000)
 ParOldGen       total 470528K, used 321439K [0x00000006c0000000, 0x00000006dcb80000, 0x000000076ab00000)
  object space 470528K, 68% used [0x00000006c0000000,0x00000006d39e7c48,0x00000006dcb80000)
 Metaspace       used 6208K, capacity 7216K, committed 7296K, reserved 1056768K
  class space    used 579K, capacity 616K, committed 640K, reserved 1048576K
}
Event: 19.607 GC heap before
{Heap before GC invocations=17 (full 3):
 PSYoungGen      total 619520K, used 619510K [0x000000076ab00000, 0x00000007a0980000, 0x00000007c0000000)
  eden space 506880K, 100% used [0x000000076ab00000,0x0000000789a00000,0x0000000789a00000)
  from space 112640K, 99% used [0x0000000789a00000,0x00000007907fd9c0,0x0000000790800000)
  to   space 142336K, 0% used [0x0000000797e80000,0x0000000797e80000,0x00000007a0980000)
 ParOldGen       total 470528K, used 321439K [0x00000006c0000000, 0x00000006dcb80000, 0x000000076ab00000)
  object space 470528K, 68% used [0x00000006c0000000,0x00000006d39e7c48,0x00000006dcb80000)
 Metaspace       used 6209K, capacity 7280K, committed 7552K, reserved 1056768K
  class space    used 579K, capacity 616K, committed 640K, reserved 1048576K
Event: 19.843 GC heap after
Heap after GC invocations=17 (full 3):
 PSYoungGen      total 724992K, used 122390K [0x000000076ab00000, 0x00000007a3a00000, 0x00000007c0000000)
  eden space 582656K, 0% used [0x000000076ab00000,0x000000076ab00000,0x000000078e400000)
  from space 142336K, 85% used [0x0000000797e80000,0x000000079f605818,0x00000007a0980000)
  to   space 158208K, 0% used [0x000000078e400000,0x000000078e400000,0x0000000797e80000)
 ParOldGen       total 470528K, used 380811K [0x00000006c0000000, 0x00000006dcb80000, 0x000000076ab00000)
  object space 470528K, 80% used [0x00000006c0000000,0x00000006d73e2dd8,0x00000006dcb80000)
 Metaspace       used 6209K, capacity 7280K, committed 7552K, reserved 1056768K
  class space    used 579K, capacity 616K, committed 640K, reserved 1048576K
}
Event: 21.628 GC heap before
{Heap before GC invocations=18 (full 3):
 PSYoungGen      total 724992K, used 705046K [0x000000076ab00000, 0x00000007a3a00000, 0x00000007c0000000)
  eden space 582656K, 100% used [0x000000076ab00000,0x000000078e400000,0x000000078e400000)
  from space 142336K, 85% used [0x0000000797e80000,0x000000079f605818,0x00000007a0980000)
  to   space 158208K, 0% used [0x000000078e400000,0x000000078e400000,0x0000000797e80000)
 ParOldGen       total 470528K, used 380811K [0x00000006c0000000, 0x00000006dcb80000, 0x000000076ab00000)
  object space 470528K, 80% used [0x00000006c0000000,0x00000006d73e2dd8,0x00000006dcb80000)
 Metaspace       used 6211K, capacity 7280K, committed 7552K, reserved 1056768K
  class space    used 579K, capacity 616K, committed 640K, reserved 1048576K
Event: 21.858 GC heap after
Heap after GC invocations=18 (full 3):
 PSYoungGen      total 740864K, used 158206K [0x000000076ab00000, 0x00000007af000000, 0x00000007c0000000)
  eden space 582656K, 0% used [0x000000076ab00000,0x000000076ab00000,0x000000078e400000)
  from space 158208K, 99% used [0x000000078e400000,0x0000000797e7fa40,0x0000000797e80000)
  to   space 203264K, 0% used [0x00000007a2980000,0x00000007a2980000,0x00000007af000000)
 ParOldGen       total 470528K, used 432299K [0x00000006c0000000, 0x00000006dcb80000, 0x000000076ab00000)
  object space 470528K, 91% used [0x00000006c0000000,0x00000006da62afc8,0x00000006dcb80000)
 Metaspace       used 6211K, capacity 7280K, committed 7552K, reserved 1056768K
  class space    used 579K, capacity 616K, committed 640K, reserved 1048576K
}
Event: 21.858 GC heap before
{Heap before GC invocations=19 (full 4):
 PSYoungGen      total 740864K, used 158206K [0x000000076ab00000, 0x00000007af000000, 0x00000007c0000000)
  eden space 582656K, 0% used [0x000000076ab00000,0x000000076ab00000,0x000000078e400000)
  from space 158208K, 99% used [0x000000078e400000,0x0000000797e7fa40,0x0000000797e80000)
  to   space 203264K, 0% used [0x00000007a2980000,0x00000007a2980000,0x00000007af000000)
 ParOldGen       total 470528K, used 432299K [0x00000006c0000000, 0x00000006dcb80000, 0x000000076ab00000)
  object space 470528K, 91% used [0x00000006c0000000,0x00000006da62afc8,0x00000006dcb80000)
 Metaspace       used 6211K, capacity 7280K, committed 7552K, reserved 1056768K
  class space    used 579K, capacity 616K, committed 640K, reserved 1048576K

